Unity Editor version:    2022.3.9f1 (ea401c316338)
Branch:                  2022.3/staging
Build type:              Release
Batch mode:              YES
macOS version:           Version 14.1.1 (Build 23B81)
Darwin version:          23.1.0
Architecture:            arm64
Running under Rosetta:   NO
Available memory:        16384 MB
Using pre-set license
Pro License: YES

COMMAND LINE ARGUMENTS:
/Applications/Unity/Hub/Editor/2022.3.9f1/Unity.app/Contents/MacOS/Unity
-adb2
-batchMode
-noUpm
-name
AssetImportWorker1
-projectPath
/Users/andrew/Development/LC_MotionTracker_Asset
-logFile
Logs/AssetImportWorker1.log
-srvPort
61144
Successfully changed project path to: /Users/andrew/Development/LC_MotionTracker_Asset
/Users/andrew/Development/LC_MotionTracker_Asset
[UnityMemory] Configuration Parameters - Can be set up in boot.config
    "memorysetup-bucket-allocator-granularity=16"
    "memorysetup-bucket-allocator-bucket-count=8"
    "memorysetup-bucket-allocator-block-size=33554432"
    "memorysetup-bucket-allocator-block-count=8"
    "memorysetup-main-allocator-block-size=16777216"
    "memorysetup-thread-allocator-block-size=16777216"
    "memorysetup-gfx-main-allocator-block-size=16777216"
    "memorysetup-gfx-thread-allocator-block-size=16777216"
    "memorysetup-cache-allocator-block-size=4194304"
    "memorysetup-typetree-allocator-block-size=2097152"
    "memorysetup-profiler-bucket-allocator-granularity=16"
    "memorysetup-profiler-bucket-allocator-bucket-count=8"
    "memorysetup-profiler-bucket-allocator-block-size=33554432"
    "memorysetup-profiler-bucket-allocator-block-count=8"
    "memorysetup-profiler-allocator-block-size=16777216"
    "memorysetup-profiler-editor-allocator-block-size=1048576"
    "memorysetup-temp-allocator-size-main=16777216"
    "memorysetup-job-temp-allocator-block-size=2097152"
    "memorysetup-job-temp-allocator-block-size-background=1048576"
    "memorysetup-job-temp-allocator-reduction-small-platforms=262144"
    "memorysetup-allocator-temp-initial-block-size-main=262144"
    "memorysetup-allocator-temp-initial-block-size-worker=262144"
    "memorysetup-temp-allocator-size-background-worker=32768"
    "memorysetup-temp-allocator-size-job-worker=262144"
    "memorysetup-temp-allocator-size-preload-manager=33554432"
    "memorysetup-temp-allocator-size-nav-mesh-worker=65536"
    "memorysetup-temp-allocator-size-audio-worker=65536"
    "memorysetup-temp-allocator-size-cloud-worker=32768"
    "memorysetup-temp-allocator-size-gi-baking-worker=262144"
    "memorysetup-temp-allocator-size-gfx=262144"
Player connection [8017321664] Host "[IP] 10.0.0.28 [Port] 0 [Flags] 2 [Guid] 4017104318 [EditorId] 4017104318 [Version] 1048832 [Id] OSXEditor(0,Andrews-MBP.local) [Debug] 1 [PackageName] OSXEditor [ProjectName] Editor" joined multi-casting on [225.0.0.222:54997]...

Player connection [8017321664] Host "[IP] 10.0.0.28 [Port] 0 [Flags] 2 [Guid] 4017104318 [EditorId] 4017104318 [Version] 1048832 [Id] OSXEditor(0,Andrews-MBP.local) [Debug] 1 [PackageName] OSXEditor [ProjectName] Editor" joined alternative multi-casting on [225.0.0.222:34997]...

[Physics::Module] Initialized MultithreadedJobDispatcher with 11 workers.
Refreshing native plugins compatible for Editor in 3.50 ms, found 2 plugins.
Preloading 0 native plugins for Editor in 0.00 ms.
Initialize engine version: 2022.3.9f1 (ea401c316338)
[Subsystems] Discovering subsystems at path /Applications/Unity/Hub/Editor/2022.3.9f1/Unity.app/Contents/Resources/UnitySubsystems
[Subsystems] Discovering subsystems at path /Users/andrew/Development/LC_MotionTracker_Asset/Assets
GfxDevice: creating device client; threaded=0; jobified=0
 preferred device: Apple M2 Pro (high power)
Metal devices available: 1
0: Apple M2 Pro (high power)
Using device Apple M2 Pro (high power)
Initializing Metal device caps: Apple M2 Pro
Initialize mono
Mono path[0] = '/Applications/Unity/Hub/Editor/2022.3.9f1/Unity.app/Contents/Managed'
Mono path[1] = '/Applications/Unity/Hub/Editor/2022.3.9f1/Unity.app/Contents/MonoBleedingEdge/lib/mono/unityjit-macos'
Mono config path = '/Applications/Unity/Hub/Editor/2022.3.9f1/Unity.app/Contents/MonoBleedingEdge/etc'
Using monoOptions --debugger-agent=transport=dt_socket,embedding=1,server=y,suspend=n,address=127.0.0.1:56182
Begin MonoManager ReloadAssembly
Registering precompiled unity dll's ...
Register platform support module: /Applications/Unity/Hub/Editor/2022.3.9f1/Unity.app/Contents/PlaybackEngines/MacStandaloneSupport/UnityEditor.OSXStandalone.Extensions.dll
Registered in 0.000675 seconds.
- Loaded All Assemblies, in  0.173 seconds
Native extension for OSXStandalone target not found
Mono: successfully reloaded assembly
- Finished resetting the current domain, in  0.127 seconds
Domain Reload Profiling: 300ms
	BeginReloadAssembly (42ms)
		ExecutionOrderSort (0ms)
		DisableScriptedObjects (0ms)
		BackupInstance (0ms)
		ReleaseScriptingObjects (0ms)
		CreateAndSetChildDomain (0ms)
	RebuildCommonClasses (21ms)
	RebuildNativeTypeToScriptingClass (7ms)
	initialDomainReloadingComplete (25ms)
	LoadAllAssembliesAndSetupDomain (78ms)
		LoadAssemblies (42ms)
		RebuildTransferFunctionScriptingTraits (0ms)
		AnalyzeDomain (78ms)
			TypeCache.Refresh (77ms)
				TypeCache.ScanAssembly (68ms)
			ScanForSourceGeneratedMonoScriptInfo (0ms)
			ResolveRequiredComponents (0ms)
	FinalizeReload (127ms)
		ReleaseScriptCaches (0ms)
		RebuildScriptCaches (0ms)
		SetupLoadedEditorAssemblies (94ms)
			LogAssemblyErrors (0ms)
			InitializePlatformSupportModulesInManaged (4ms)
			SetLoadedEditorAssemblies (4ms)
			RefreshPlugins (0ms)
			BeforeProcessingInitializeOnLoad (1ms)
			ProcessInitializeOnLoadAttributes (63ms)
			ProcessInitializeOnLoadMethodAttributes (22ms)
			AfterProcessingInitializeOnLoad (0ms)
			EditorAssembliesLoaded (0ms)
		ExecutionOrderSort2 (0ms)
		AwakeInstancesAfterBackupRestoration (0ms)
========================================================================
Worker process is ready to serve import requests
Begin MonoManager ReloadAssembly
- Loaded All Assemblies, in  0.284 seconds
Refreshing native plugins compatible for Editor in 0.58 ms, found 2 plugins.
Native extension for OSXStandalone target not found
Package Manager log level set to [2]
[Package Manager] Server::EnsureServerProcessIsRunning -- launch failed, reason: Unity was launched with the -noUpm command-line argument
[Package Manager] UpmClient::Send -- Unable to send message (not connected to UPM process).
[Package Manager] Cannot connect to Unity Package Manager local server
Mono: successfully reloaded assembly
- Finished resetting the current domain, in  0.312 seconds
Domain Reload Profiling: 597ms
	BeginReloadAssembly (62ms)
		ExecutionOrderSort (0ms)
		DisableScriptedObjects (3ms)
		BackupInstance (0ms)
		ReleaseScriptingObjects (0ms)
		CreateAndSetChildDomain (15ms)
	RebuildCommonClasses (20ms)
	RebuildNativeTypeToScriptingClass (7ms)
	initialDomainReloadingComplete (18ms)
	LoadAllAssembliesAndSetupDomain (178ms)
		LoadAssemblies (103ms)
		RebuildTransferFunctionScriptingTraits (0ms)
		AnalyzeDomain (100ms)
			TypeCache.Refresh (91ms)
				TypeCache.ScanAssembly (80ms)
			ScanForSourceGeneratedMonoScriptInfo (6ms)
			ResolveRequiredComponents (2ms)
	FinalizeReload (313ms)
		ReleaseScriptCaches (0ms)
		RebuildScriptCaches (0ms)
		SetupLoadedEditorAssemblies (228ms)
			LogAssemblyErrors (0ms)
			InitializePlatformSupportModulesInManaged (2ms)
			SetLoadedEditorAssemblies (2ms)
			RefreshPlugins (0ms)
			BeforeProcessingInitializeOnLoad (37ms)
			ProcessInitializeOnLoadAttributes (175ms)
			ProcessInitializeOnLoadMethodAttributes (11ms)
			AfterProcessingInitializeOnLoad (1ms)
			EditorAssembliesLoaded (0ms)
		ExecutionOrderSort2 (0ms)
		AwakeInstancesAfterBackupRestoration (2ms)
Launching external process: /Applications/Unity/Hub/Editor/2022.3.9f1/Unity.app/Contents/Tools/UnityShaderCompiler
Launched and connected shader compiler UnityShaderCompiler after 0.04 seconds
Refreshing native plugins compatible for Editor in 0.59 ms, found 2 plugins.
Preloading 0 native plugins for Editor in 0.00 ms.
Unloading 3069 Unused Serialized files (Serialized files now loaded: 0)
Unloading 31 unused Assets / (50.9 KB). Loaded Objects now: 3531.
Memory consumption went from 123.1 MB to 123.1 MB.
Total: 2.084375 ms (FindLiveObjects: 0.097375 ms CreateObjectMapping: 0.047041 ms MarkObjects: 1.871334 ms  DeleteObjects: 0.068292 ms)

AssetImportParameters requested are different than current active one (requested -> active):
  custom:container-demuxer-ogg: 62fdf1f143b41e24485cea50d1cbac27 -> 
  custom:video-decoder-ogg-theora: a1e56fd34408186e4bbccfd4996cb3dc -> 
  custom:container-demuxer-webm: 4f35f7cbe854078d1ac9338744f61a02 -> 
  custom:container-muxer-webm: aa71ff27fc2769a1b78a27578f13a17b -> 
  custom:video-decoder-webm-vp8: 9c59270c3fd7afecdb556c50c9e8de78 -> 
  custom:AudioImporter_EditorPlatform: 3918e3fc78b5a79bad01e8451be0beb8 -> 
  custom:framework-osx-AVFoundation: e770b220cccbd017edd2c1fefb359320 -> 
  custom:video-encoder-webm-vp8: eb34c28f22e8b96e1ab97ce403110664 -> 
  custom:audio-decoder-ogg-vorbis: bf7c407c2cedff20999df2af8eb42d56 -> 
  custom:audio-encoder-webm-vorbis: bf7c407c2cedff20999df2af8eb42d56 -> 
========================================================================
Received Prepare
Refreshing native plugins compatible for Editor in 3.24 ms, found 2 plugins.
Preloading 0 native plugins for Editor in 0.00 ms.
Unloading 1 Unused Serialized files (Serialized files now loaded: 0)
Unloading 1 unused Assets / (3.0 KB). Loaded Objects now: 3531.
Memory consumption went from 74.6 MB to 74.6 MB.
Total: 2.222875 ms (FindLiveObjects: 0.113709 ms CreateObjectMapping: 0.062584 ms MarkObjects: 2.034833 ms  DeleteObjects: 0.011291 ms)

Prepare: number of updated asset objects reloaded= 0
AssetImportParameters requested are different than current active one (requested -> active):
  custom:container-demuxer-ogg: 62fdf1f143b41e24485cea50d1cbac27 -> 
  custom:video-decoder-ogg-theora: a1e56fd34408186e4bbccfd4996cb3dc -> 
  custom:CustomObjectIndexerAttribute: 756ad292c208cfabdd7b50bc23989ffe -> 
  custom:container-demuxer-webm: 4f35f7cbe854078d1ac9338744f61a02 -> 
  custom:container-muxer-webm: aa71ff27fc2769a1b78a27578f13a17b -> 
  custom:video-decoder-webm-vp8: 9c59270c3fd7afecdb556c50c9e8de78 -> 
  custom:SearchIndexIgnoredProperties: e643bd26f0fe6173181afceb89e7c659 -> 
  custom:AudioImporter_EditorPlatform: 3918e3fc78b5a79bad01e8451be0beb8 -> 
  custom:framework-osx-AVFoundation: e770b220cccbd017edd2c1fefb359320 -> 
  custom:video-encoder-webm-vp8: eb34c28f22e8b96e1ab97ce403110664 -> 
  custom:audio-decoder-ogg-vorbis: bf7c407c2cedff20999df2af8eb42d56 -> 
  custom:audio-encoder-webm-vorbis: bf7c407c2cedff20999df2af8eb42d56 -> 
========================================================================
Received Import Request.
  Time since last request: 117588.847515 seconds.
  path: Assets/Motion Tracker/Material/WithLED.mat
  artifactKey: Guid(a86c2409f983d5448983cf69a0897798) Importer(2089858483,0ecaa5967403d082aa24f35e1b516d23)
Start importing Assets/Motion Tracker/Material/WithLED.mat using Guid(a86c2409f983d5448983cf69a0897798) Importer(2089858483,0ecaa5967403d082aa24f35e1b516d23)  -> (artifact id: '1fda3e7b76850002c605c5aa3ef28f58') in 0.176539 seconds
Number of updated asset objects reloaded before import = 0
Number of asset objects unloaded after import = 5
========================================================================
Received Import Request.
  Time since last request: 0.000035 seconds.
  path: Assets/Motion Tracker/Textures/WithLED/Motiontracker_low_lambert1_Emission.png
  artifactKey: Guid(7141a509778e95b4cbcd1e3410745552) Importer(2089858483,0ecaa5967403d082aa24f35e1b516d23)
Start importing Assets/Motion Tracker/Textures/WithLED/Motiontracker_low_lambert1_Emission.png using Guid(7141a509778e95b4cbcd1e3410745552) Importer(2089858483,0ecaa5967403d082aa24f35e1b516d23)  -> (artifact id: '13075198ff945a26df7a13e9efb116dd') in 0.030570 seconds
Number of updated asset objects reloaded before import = 0
Number of asset objects unloaded after import = 1
========================================================================
Received Import Request.
  Time since last request: 0.000054 seconds.
  path: Assets/Motion Tracker/Mesh
  artifactKey: Guid(99f94e604724c194eaa7f9759ed223cb) Importer(2089858483,0ecaa5967403d082aa24f35e1b516d23)
Start importing Assets/Motion Tracker/Mesh using Guid(99f94e604724c194eaa7f9759ed223cb) Importer(2089858483,0ecaa5967403d082aa24f35e1b516d23)  -> (artifact id: '09f55e292a9a862981ac9005dfae248b') in 0.002009 seconds
Number of updated asset objects reloaded before import = 0
Number of asset objects unloaded after import = 1
========================================================================
Received Import Request.
  Time since last request: 0.000070 seconds.
  path: Assets/Motion Tracker/Textures/Motiontracker_low_lambert1_Emission.png
  artifactKey: Guid(83a786332bfdacb49bb64004f03fc85c) Importer(2089858483,0ecaa5967403d082aa24f35e1b516d23)
Start importing Assets/Motion Tracker/Textures/Motiontracker_low_lambert1_Emission.png using Guid(83a786332bfdacb49bb64004f03fc85c) Importer(2089858483,0ecaa5967403d082aa24f35e1b516d23)  -> (artifact id: '39fb91e297bf9ea545989770fffbf6fd') in 0.009418 seconds
Number of updated asset objects reloaded before import = 0
Number of asset objects unloaded after import = 1
========================================================================
Received Import Request.
  Time since last request: 0.000084 seconds.
  path: Assets/Motion Tracker/Material
  artifactKey: Guid(63e5162898808624b9445ed1b54deaf1) Importer(2089858483,0ecaa5967403d082aa24f35e1b516d23)
Start importing Assets/Motion Tracker/Material using Guid(63e5162898808624b9445ed1b54deaf1) Importer(2089858483,0ecaa5967403d082aa24f35e1b516d23)  -> (artifact id: '3988caf5aa0ad9371b38eb7852d3b42f') in 0.001151 seconds
Number of updated asset objects reloaded before import = 0
Number of asset objects unloaded after import = 1
========================================================================
Received Import Request.
  Time since last request: 0.000083 seconds.
  path: Assets/Motion Tracker/Material/lambert3.mat
  artifactKey: Guid(a0350e11ce1e0a94da2afcc99cfe70bb) Importer(2089858483,0ecaa5967403d082aa24f35e1b516d23)
Start importing Assets/Motion Tracker/Material/lambert3.mat using Guid(a0350e11ce1e0a94da2afcc99cfe70bb) Importer(2089858483,0ecaa5967403d082aa24f35e1b516d23)  -> (artifact id: '6cf3801dc35da65ceb517ba80c017dec') in 0.011833 seconds
Number of updated asset objects reloaded before import = 0
Number of asset objects unloaded after import = 5
========================================================================
Received Import Request.
  Time since last request: 0.000037 seconds.
  path: Assets/Motion Tracker/Scene/Scene.unity
  artifactKey: Guid(20ea248f15dc32e4b96e6922c75858a3) Importer(2089858483,0ecaa5967403d082aa24f35e1b516d23)
Start importing Assets/Motion Tracker/Scene/Scene.unity using Guid(20ea248f15dc32e4b96e6922c75858a3) Importer(2089858483,0ecaa5967403d082aa24f35e1b516d23)  -> (artifact id: '641c5129df17a7629449f04cb846392d') in 0.001869 seconds
Number of updated asset objects reloaded before import = 0
Number of asset objects unloaded after import = 1
========================================================================
Received Import Request.
  Time since last request: 0.000071 seconds.
  path: Assets/Motion Tracker/Textures
  artifactKey: Guid(de1780d02dcd83c4880b784fe8f9d36d) Importer(2089858483,0ecaa5967403d082aa24f35e1b516d23)
Start importing Assets/Motion Tracker/Textures using Guid(de1780d02dcd83c4880b784fe8f9d36d) Importer(2089858483,0ecaa5967403d082aa24f35e1b516d23)  -> (artifact id: '50499749fe8caf1bd5dcd2db3b631c3b') in 0.001060 seconds
Number of updated asset objects reloaded before import = 0
Number of asset objects unloaded after import = 1
========================================================================
Received Import Request.
  Time since last request: 0.000068 seconds.
  path: Assets/Motion Tracker/Scene
  artifactKey: Guid(e89254a89e55ab24fb034cc2ae03c315) Importer(2089858483,0ecaa5967403d082aa24f35e1b516d23)
Start importing Assets/Motion Tracker/Scene using Guid(e89254a89e55ab24fb034cc2ae03c315) Importer(2089858483,0ecaa5967403d082aa24f35e1b516d23)  -> (artifact id: 'ca4a9e4822ea7c16f42d5efee5500f35') in 0.000893 seconds
Number of updated asset objects reloaded before import = 0
Number of asset objects unloaded after import = 1
========================================================================
Received Import Request.
  Time since last request: 0.000087 seconds.
  path: Assets/Motion Tracker/Textures/WithLED/Motiontracker_low_lambert1_MetallicSmoothness.png
  artifactKey: Guid(deb2bd3367ff85744b9ca57581a21a85) Importer(2089858483,0ecaa5967403d082aa24f35e1b516d23)
Start importing Assets/Motion Tracker/Textures/WithLED/Motiontracker_low_lambert1_MetallicSmoothness.png using Guid(deb2bd3367ff85744b9ca57581a21a85) Importer(2089858483,0ecaa5967403d082aa24f35e1b516d23)  -> (artifact id: '86e334e34d5dfa8701c3f071d713cdbb') in 0.010622 seconds
Number of updated asset objects reloaded before import = 0
Number of asset objects unloaded after import = 1
========================================================================
Received Import Request.
  Time since last request: 0.000064 seconds.
  path: Assets/Motion Tracker
  artifactKey: Guid(a6cb86e6c6a66407e9a0552031614ac5) Importer(2089858483,0ecaa5967403d082aa24f35e1b516d23)
Start importing Assets/Motion Tracker using Guid(a6cb86e6c6a66407e9a0552031614ac5) Importer(2089858483,0ecaa5967403d082aa24f35e1b516d23)  -> (artifact id: '19e96237c1900c5e0e9d9c8542b19ff7') in 0.001240 seconds
Number of updated asset objects reloaded before import = 0
Number of asset objects unloaded after import = 1
========================================================================
Received Import Request.
  Time since last request: 0.000066 seconds.
  path: Assets/Motion Tracker/Scene/SceneSettings.lighting
  artifactKey: Guid(0015b1d343007404d9ac127aa7ee7865) Importer(2089858483,0ecaa5967403d082aa24f35e1b516d23)
Start importing Assets/Motion Tracker/Scene/SceneSettings.lighting using Guid(0015b1d343007404d9ac127aa7ee7865) Importer(2089858483,0ecaa5967403d082aa24f35e1b516d23) LightingSettings: switching bake backend from 2 to 0.
 -> (artifact id: '0753524b3231d5d4dfbb672ffbac481b') in 0.008920 seconds
Number of updated asset objects reloaded before import = 0
Number of asset objects unloaded after import = 1
========================================================================
Received Import Request.
  Time since last request: 0.000057 seconds.
  path: Assets/Motion Tracker/Prefabs
  artifactKey: Guid(d0b185604fb57734ba007570d41790fa) Importer(2089858483,0ecaa5967403d082aa24f35e1b516d23)
Start importing Assets/Motion Tracker/Prefabs using Guid(d0b185604fb57734ba007570d41790fa) Importer(2089858483,0ecaa5967403d082aa24f35e1b516d23)  -> (artifact id: 'e27445830ee87698068c28bfb658a112') in 0.000924 seconds
Number of updated asset objects reloaded before import = 0
Number of asset objects unloaded after import = 1
========================================================================
Received Import Request.
  Time since last request: 0.000064 seconds.
  path: Assets/Motion Tracker/Textures/WithLED/Motiontracker_low_lambert1_AlbedoTransparency.png
  artifactKey: Guid(11565a5f554eccf4a9b7d756af0e47b6) Importer(2089858483,0ecaa5967403d082aa24f35e1b516d23)
Start importing Assets/Motion Tracker/Textures/WithLED/Motiontracker_low_lambert1_AlbedoTransparency.png using Guid(11565a5f554eccf4a9b7d756af0e47b6) Importer(2089858483,0ecaa5967403d082aa24f35e1b516d23)  -> (artifact id: '052de1faece6d8eba0f7a92e6ac533cc') in 0.010283 seconds
Number of updated asset objects reloaded before import = 0
Number of asset objects unloaded after import = 1
========================================================================
Received Import Request.
  Time since last request: 0.000085 seconds.
  path: Assets/Motion Tracker/Textures/WithLED/Motiontracker_low_lambert1_Normal.png
  artifactKey: Guid(1cdef3fbe5861e445b2a547a64642eae) Importer(2089858483,0ecaa5967403d082aa24f35e1b516d23)
Start importing Assets/Motion Tracker/Textures/WithLED/Motiontracker_low_lambert1_Normal.png using Guid(1cdef3fbe5861e445b2a547a64642eae) Importer(2089858483,0ecaa5967403d082aa24f35e1b516d23)  -> (artifact id: '8658543fa8d3bed5d4740cbc04610687') in 0.010741 seconds
Number of updated asset objects reloaded before import = 0
Number of asset objects unloaded after import = 1
Editor requested this worker to shutdown with reason: Scaling down because of idle timeout
TcpMessagingSession - receive error: operation aborted. errorcode: 89, details: Operation aborted.
AssetImportWorker is now disconnected from the server
Process exiting
